c:\users\aarep\downloads\bresenhem_algo\sem1\debug\vc141.pdb
c:\users\aarep\downloads\bresenhem_algo\sem1\debug\.netframework,version=v4.5.2.assemblyattributes.obj
c:\users\aarep\downloads\bresenhem_algo\sem1\debug\.netframework,version=v4.5.2.assemblyattributes.asm
c:\users\aarep\downloads\bresenhem_algo\sem1\debug\myform.obj
c:\users\aarep\downloads\bresenhem_algo\debug\sem1.exe
c:\users\aarep\downloads\bresenhem_algo\debug\sem1.pdb
c:\users\aarep\downloads\bresenhem_algo\sem1\debug\sem1.myform.resources
c:\users\aarep\downloads\bresenhem_algo\sem1\debug\sem1.vcxproj.generateresource.cache
c:\users\aarep\downloads\bresenhem_algo\sem1\debug\sem1.vcxprojresolveassemblyreference.cache
c:\users\aarep\downloads\bresenhem_algo\sem1\debug\vc140.pdb
c:\users\aarep\downloads\bresenhem_algo\sem1\debug\sem1.tlog\cl.command.1.tlog
c:\users\aarep\downloads\bresenhem_algo\sem1\debug\sem1.tlog\cl.read.1.tlog
c:\users\aarep\downloads\bresenhem_algo\sem1\debug\sem1.tlog\cl.write.1.tlog
c:\users\aarep\downloads\bresenhem_algo\sem1\debug\sem1.tlog\link.command.1.tlog
c:\users\aarep\downloads\bresenhem_algo\sem1\debug\sem1.tlog\link.read.1.tlog
c:\users\aarep\downloads\bresenhem_algo\sem1\debug\sem1.tlog\link.write.1.tlog
c:\users\aarep\downloads\bresenhem_algo\sem1\debug\sem1.tlog\metagen.read.1.tlog
c:\users\aarep\downloads\bresenhem_algo\sem1\debug\sem1.tlog\metagen.write.1.tlog
c:\users\aarep\downloads\bresenhem_algo\sem1\debug\sem1.tlog\sem1.write.1u.tlog
c:\users\aarep\downloads\bresenhem_algo\sem1\debug\sem1.tlog\rsaenh.dll.bi
c:\users\aarep\downloads\bresenhem_algo\sem1\debug\sem1.tlog\tzres.dll.bi
